[05-Feb-2025 12:58:23 UTC] PHP Deprecated:  Creation of dynamic property MultiPostThumbnails::$label is deprecated in /home/tGUq2VaN2cbx3w8CcK/public_html/web/wp-content/themes/rohoro_theme/functions/multipost-thumbnail/multi-post-thumbnails.php on line 69
[05-Feb-2025 12:58:23 UTC] PHP Deprecated:  Creation of dynamic property MultiPostThumbnails::$id is deprecated in /home/tGUq2VaN2cbx3w8CcK/public_html/web/wp-content/themes/rohoro_theme/functions/multipost-thumbnail/multi-post-thumbnails.php on line 69
[05-Feb-2025 12:58:23 UTC] PHP Deprecated:  Creation of dynamic property MultiPostThumbnails::$post_type is deprecated in /home/tGUq2VaN2cbx3w8CcK/public_html/web/wp-content/themes/rohoro_theme/functions/multipost-thumbnail/multi-post-thumbnails.php on line 69
[05-Feb-2025 12:58:23 UTC] PHP Deprecated:  Creation of dynamic property MultiPostThumbnails::$priority is deprecated in /home/tGUq2VaN2cbx3w8CcK/public_html/web/wp-content/themes/rohoro_theme/functions/multipost-thumbnail/multi-post-thumbnails.php on line 69
[05-Feb-2025 12:58:23 UTC] PHP Deprecated:  Creation of dynamic property MultiPostThumbnails::$context is deprecated in /home/tGUq2VaN2cbx3w8CcK/public_html/web/wp-content/themes/rohoro_theme/functions/multipost-thumbnail/multi-post-thumbnails.php on line 69
[05-Feb-2025 12:58:24 UTC] PHP Warning:  Undefined variable $post_id in /home/tGUq2VaN2cbx3w8CcK/public_html/web/wp-content/themes/rohoro_theme/sidebar-banner.php on line 49
[05-Feb-2025 12:58:24 UTC] PHP Warning:  Undefined variable $post_id in /home/tGUq2VaN2cbx3w8CcK/public_html/web/wp-content/themes/rohoro_theme/sidebar-banner.php on line 55
[05-Feb-2025 12:58:24 UTC] PHP Warning:  Undefined variable $post_id in /home/tGUq2VaN2cbx3w8CcK/public_html/web/wp-content/themes/rohoro_theme/sidebar-banner.php on line 57
[05-Feb-2025 12:58:24 UTC] PHP Warning:  Undefined variable $post_id in /home/tGUq2VaN2cbx3w8CcK/public_html/web/wp-content/themes/rohoro_theme/sidebar-banner.php on line 60
[05-Feb-2025 12:58:24 UTC] PHP Warning:  Undefined variable $post_id in /home/tGUq2VaN2cbx3w8CcK/public_html/web/wp-content/themes/rohoro_theme/sidebar-banner.php on line 62
[05-Feb-2025 12:58:24 UTC] PHP Deprecated:  Creation of dynamic property MultiPostThumbnails::$label is deprecated in /home/tGUq2VaN2cbx3w8CcK/public_html/web/wp-content/themes/rohoro_theme/functions/multipost-thumbnail/multi-post-thumbnails.php on line 69
[05-Feb-2025 12:58:24 UTC] PHP Deprecated:  Creation of dynamic property MultiPostThumbnails::$id is deprecated in /home/tGUq2VaN2cbx3w8CcK/public_html/web/wp-content/themes/rohoro_theme/functions/multipost-thumbnail/multi-post-thumbnails.php on line 69
[05-Feb-2025 12:58:24 UTC] PHP Deprecated:  Creation of dynamic property MultiPostThumbnails::$post_type is deprecated in /home/tGUq2VaN2cbx3w8CcK/public_html/web/wp-content/themes/rohoro_theme/functions/multipost-thumbnail/multi-post-thumbnails.php on line 69
[05-Feb-2025 12:58:24 UTC] PHP Deprecated:  Creation of dynamic property MultiPostThumbnails::$priority is deprecated in /home/tGUq2VaN2cbx3w8CcK/public_html/web/wp-content/themes/rohoro_theme/functions/multipost-thumbnail/multi-post-thumbnails.php on line 69
[05-Feb-2025 12:58:24 UTC] PHP Deprecated:  Creation of dynamic property MultiPostThumbnails::$context is deprecated in /home/tGUq2VaN2cbx3w8CcK/public_html/web/wp-content/themes/rohoro_theme/functions/multipost-thumbnail/multi-post-thumbnails.php on line 69
[05-Feb-2025 12:58:26 UTC] PHP Deprecated:  Creation of dynamic property MultiPostThumbnails::$label is deprecated in /home/tGUq2VaN2cbx3w8CcK/public_html/web/wp-content/themes/rohoro_theme/functions/multipost-thumbnail/multi-post-thumbnails.php on line 69
[05-Feb-2025 12:58:26 UTC] PHP Deprecated:  Creation of dynamic property MultiPostThumbnails::$id is deprecated in /home/tGUq2VaN2cbx3w8CcK/public_html/web/wp-content/themes/rohoro_theme/functions/multipost-thumbnail/multi-post-thumbnails.php on line 69
[05-Feb-2025 12:58:26 UTC] PHP Deprecated:  Creation of dynamic property MultiPostThumbnails::$post_type is deprecated in /home/tGUq2VaN2cbx3w8CcK/public_html/web/wp-content/themes/rohoro_theme/functions/multipost-thumbnail/multi-post-thumbnails.php on line 69
[05-Feb-2025 12:58:26 UTC] PHP Deprecated:  Creation of dynamic property MultiPostThumbnails::$priority is deprecated in /home/tGUq2VaN2cbx3w8CcK/public_html/web/wp-content/themes/rohoro_theme/functions/multipost-thumbnail/multi-post-thumbnails.php on line 69
[05-Feb-2025 12:58:26 UTC] PHP Deprecated:  Creation of dynamic property MultiPostThumbnails::$context is deprecated in /home/tGUq2VaN2cbx3w8CcK/public_html/web/wp-content/themes/rohoro_theme/functions/multipost-thumbnail/multi-post-thumbnails.php on line 69
[05-Feb-2025 12:58:40 UTC] PHP Deprecated:  Creation of dynamic property MultiPostThumbnails::$label is deprecated in /home/tGUq2VaN2cbx3w8CcK/public_html/web/wp-content/themes/rohoro_theme/functions/multipost-thumbnail/multi-post-thumbnails.php on line 69
[05-Feb-2025 12:58:40 UTC] PHP Deprecated:  Creation of dynamic property MultiPostThumbnails::$id is deprecated in /home/tGUq2VaN2cbx3w8CcK/public_html/web/wp-content/themes/rohoro_theme/functions/multipost-thumbnail/multi-post-thumbnails.php on line 69
[05-Feb-2025 12:58:40 UTC] PHP Deprecated:  Creation of dynamic property MultiPostThumbnails::$post_type is deprecated in /home/tGUq2VaN2cbx3w8CcK/public_html/web/wp-content/themes/rohoro_theme/functions/multipost-thumbnail/multi-post-thumbnails.php on line 69
[05-Feb-2025 12:58:40 UTC] PHP Deprecated:  Creation of dynamic property MultiPostThumbnails::$priority is deprecated in /home/tGUq2VaN2cbx3w8CcK/public_html/web/wp-content/themes/rohoro_theme/functions/multipost-thumbnail/multi-post-thumbnails.php on line 69
[05-Feb-2025 12:58:40 UTC] PHP Deprecated:  Creation of dynamic property MultiPostThumbnails::$context is deprecated in /home/tGUq2VaN2cbx3w8CcK/public_html/web/wp-content/themes/rohoro_theme/functions/multipost-thumbnail/multi-post-thumbnails.php on line 69
[05-Feb-2025 12:58:40 UTC] PHP Fatal error:  Uncaught TypeError: count(): Argument #1 ($value) must be of type Countable|array, null given in /home/tGUq2VaN2cbx3w8CcK/public_html/web/wp-content/themes/rohoro_theme/functions.php:190
Stack trace:
#0 /home/tGUq2VaN2cbx3w8CcK/public_html/web/wp-includes/class-wp-hook.php(324): load_more_companies()
#1 /home/tGUq2VaN2cbx3w8CcK/public_html/web/wp-includes/class-wp-hook.php(348): WP_Hook->apply_filters()
#2 /home/tGUq2VaN2cbx3w8CcK/public_html/web/wp-includes/plugin.php(517): WP_Hook->do_action()
#3 /home/tGUq2VaN2cbx3w8CcK/public_html/web/wp-admin/admin-ajax.php(192): do_action()
#4 {main}
  thrown in /home/tGUq2VaN2cbx3w8CcK/public_html/web/wp-content/themes/rohoro_theme/functions.php on line 190
[05-Feb-2025 12:59:08 UTC] PHP Deprecated:  Creation of dynamic property MultiPostThumbnails::$label is deprecated in /home/tGUq2VaN2cbx3w8CcK/public_html/web/wp-content/themes/rohoro_theme/functions/multipost-thumbnail/multi-post-thumbnails.php on line 69
[05-Feb-2025 12:59:08 UTC] PHP Deprecated:  Creation of dynamic property MultiPostThumbnails::$id is deprecated in /home/tGUq2VaN2cbx3w8CcK/public_html/web/wp-content/themes/rohoro_theme/functions/multipost-thumbnail/multi-post-thumbnails.php on line 69
[05-Feb-2025 12:59:08 UTC] PHP Deprecated:  Creation of dynamic property MultiPostThumbnails::$post_type is deprecated in /home/tGUq2VaN2cbx3w8CcK/public_html/web/wp-content/themes/rohoro_theme/functions/multipost-thumbnail/multi-post-thumbnails.php on line 69
[05-Feb-2025 12:59:08 UTC] PHP Deprecated:  Creation of dynamic property MultiPostThumbnails::$priority is deprecated in /home/tGUq2VaN2cbx3w8CcK/public_html/web/wp-content/themes/rohoro_theme/functions/multipost-thumbnail/multi-post-thumbnails.php on line 69
[05-Feb-2025 12:59:08 UTC] PHP Deprecated:  Creation of dynamic property MultiPostThumbnails::$context is deprecated in /home/tGUq2VaN2cbx3w8CcK/public_html/web/wp-content/themes/rohoro_theme/functions/multipost-thumbnail/multi-post-thumbnails.php on line 69
[05-Feb-2025 12:59:35 UTC] PHP Deprecated:  Creation of dynamic property MultiPostThumbnails::$label is deprecated in /home/tGUq2VaN2cbx3w8CcK/public_html/web/wp-content/themes/rohoro_theme/functions/multipost-thumbnail/multi-post-thumbnails.php on line 69
[05-Feb-2025 12:59:35 UTC] PHP Deprecated:  Creation of dynamic property MultiPostThumbnails::$id is deprecated in /home/tGUq2VaN2cbx3w8CcK/public_html/web/wp-content/themes/rohoro_theme/functions/multipost-thumbnail/multi-post-thumbnails.php on line 69
[05-Feb-2025 12:59:35 UTC] PHP Deprecated:  Creation of dynamic property MultiPostThumbnails::$post_type is deprecated in /home/tGUq2VaN2cbx3w8CcK/public_html/web/wp-content/themes/rohoro_theme/functions/multipost-thumbnail/multi-post-thumbnails.php on line 69
[05-Feb-2025 12:59:35 UTC] PHP Deprecated:  Creation of dynamic property MultiPostThumbnails::$priority is deprecated in /home/tGUq2VaN2cbx3w8CcK/public_html/web/wp-content/themes/rohoro_theme/functions/multipost-thumbnail/multi-post-thumbnails.php on line 69
[05-Feb-2025 12:59:35 UTC] PHP Deprecated:  Creation of dynamic property MultiPostThumbnails::$context is deprecated in /home/tGUq2VaN2cbx3w8CcK/public_html/web/wp-content/themes/rohoro_theme/functions/multipost-thumbnail/multi-post-thumbnails.php on line 69
[05-Feb-2025 13:00:47 UTC] PHP Deprecated:  Creation of dynamic property MultiPostThumbnails::$label is deprecated in /home/tGUq2VaN2cbx3w8CcK/public_html/web/wp-content/themes/rohoro_theme/functions/multipost-thumbnail/multi-post-thumbnails.php on line 69
[05-Feb-2025 13:00:47 UTC] PHP Deprecated:  Creation of dynamic property MultiPostThumbnails::$id is deprecated in /home/tGUq2VaN2cbx3w8CcK/public_html/web/wp-content/themes/rohoro_theme/functions/multipost-thumbnail/multi-post-thumbnails.php on line 69
[05-Feb-2025 13:00:47 UTC] PHP Deprecated:  Creation of dynamic property MultiPostThumbnails::$post_type is deprecated in /home/tGUq2VaN2cbx3w8CcK/public_html/web/wp-content/themes/rohoro_theme/functions/multipost-thumbnail/multi-post-thumbnails.php on line 69
[05-Feb-2025 13:00:47 UTC] PHP Deprecated:  Creation of dynamic property MultiPostThumbnails::$priority is deprecated in /home/tGUq2VaN2cbx3w8CcK/public_html/web/wp-content/themes/rohoro_theme/functions/multipost-thumbnail/multi-post-thumbnails.php on line 69
[05-Feb-2025 13:00:47 UTC] PHP Deprecated:  Creation of dynamic property MultiPostThumbnails::$context is deprecated in /home/tGUq2VaN2cbx3w8CcK/public_html/web/wp-content/themes/rohoro_theme/functions/multipost-thumbnail/multi-post-thumbnails.php on line 69
[05-Feb-2025 13:00:47 UTC] PHP Warning:  Undefined variable $post_id in /home/tGUq2VaN2cbx3w8CcK/public_html/web/wp-content/themes/rohoro_theme/sidebar-banner.php on line 49
[05-Feb-2025 13:00:47 UTC] PHP Warning:  Undefined variable $post_id in /home/tGUq2VaN2cbx3w8CcK/public_html/web/wp-content/themes/rohoro_theme/sidebar-banner.php on line 55
[05-Feb-2025 13:00:47 UTC] PHP Warning:  Undefined variable $post_id in /home/tGUq2VaN2cbx3w8CcK/public_html/web/wp-content/themes/rohoro_theme/sidebar-banner.php on line 57
[05-Feb-2025 13:00:47 UTC] PHP Warning:  Undefined variable $post_id in /home/tGUq2VaN2cbx3w8CcK/public_html/web/wp-content/themes/rohoro_theme/sidebar-banner.php on line 60
[05-Feb-2025 13:00:47 UTC] PHP Warning:  Undefined variable $post_id in /home/tGUq2VaN2cbx3w8CcK/public_html/web/wp-content/themes/rohoro_theme/sidebar-banner.php on line 62
[05-Feb-2025 13:00:49 UTC] PHP Deprecated:  Creation of dynamic property MultiPostThumbnails::$label is deprecated in /home/tGUq2VaN2cbx3w8CcK/public_html/web/wp-content/themes/rohoro_theme/functions/multipost-thumbnail/multi-post-thumbnails.php on line 69
[05-Feb-2025 13:00:49 UTC] PHP Deprecated:  Creation of dynamic property MultiPostThumbnails::$id is deprecated in /home/tGUq2VaN2cbx3w8CcK/public_html/web/wp-content/themes/rohoro_theme/functions/multipost-thumbnail/multi-post-thumbnails.php on line 69
[05-Feb-2025 13:00:49 UTC] PHP Deprecated:  Creation of dynamic property MultiPostThumbnails::$post_type is deprecated in /home/tGUq2VaN2cbx3w8CcK/public_html/web/wp-content/themes/rohoro_theme/functions/multipost-thumbnail/multi-post-thumbnails.php on line 69
[05-Feb-2025 13:00:49 UTC] PHP Deprecated:  Creation of dynamic property MultiPostThumbnails::$priority is deprecated in /home/tGUq2VaN2cbx3w8CcK/public_html/web/wp-content/themes/rohoro_theme/functions/multipost-thumbnail/multi-post-thumbnails.php on line 69
[05-Feb-2025 13:00:49 UTC] PHP Deprecated:  Creation of dynamic property MultiPostThumbnails::$context is deprecated in /home/tGUq2VaN2cbx3w8CcK/public_html/web/wp-content/themes/rohoro_theme/functions/multipost-thumbnail/multi-post-thumbnails.php on line 69
[05-Feb-2025 13:01:08 UTC] PHP Deprecated:  Creation of dynamic property MultiPostThumbnails::$label is deprecated in /home/tGUq2VaN2cbx3w8CcK/public_html/web/wp-content/themes/rohoro_theme/functions/multipost-thumbnail/multi-post-thumbnails.php on line 69
[05-Feb-2025 13:01:08 UTC] PHP Deprecated:  Creation of dynamic property MultiPostThumbnails::$id is deprecated in /home/tGUq2VaN2cbx3w8CcK/public_html/web/wp-content/themes/rohoro_theme/functions/multipost-thumbnail/multi-post-thumbnails.php on line 69
[05-Feb-2025 13:01:08 UTC] PHP Deprecated:  Creation of dynamic property MultiPostThumbnails::$post_type is deprecated in /home/tGUq2VaN2cbx3w8CcK/public_html/web/wp-content/themes/rohoro_theme/functions/multipost-thumbnail/multi-post-thumbnails.php on line 69
[05-Feb-2025 13:01:08 UTC] PHP Deprecated:  Creation of dynamic property MultiPostThumbnails::$priority is deprecated in /home/tGUq2VaN2cbx3w8CcK/public_html/web/wp-content/themes/rohoro_theme/functions/multipost-thumbnail/multi-post-thumbnails.php on line 69
[05-Feb-2025 13:01:08 UTC] PHP Deprecated:  Creation of dynamic property MultiPostThumbnails::$context is deprecated in /home/tGUq2VaN2cbx3w8CcK/public_html/web/wp-content/themes/rohoro_theme/functions/multipost-thumbnail/multi-post-thumbnails.php on line 69
